mode: set
github.com/daanv2/go-bloom-filters/pkg/bloomhashes/default.go:3.44,11.2 1 0
github.com/daanv2/go-bloom-filters/pkg/bloomhashes/default.go:13.40,27.2 1 0
github.com/daanv2/go-bloom-filters/pkg/bloomhashes/function.go:13.60,14.48 1 0
github.com/daanv2/go-bloom-filters/pkg/bloomhashes/function.go:14.48,16.17 2 0
github.com/daanv2/go-bloom-filters/pkg/bloomhashes/function.go:16.17,18.4 1 0
github.com/daanv2/go-bloom-filters/pkg/bloomhashes/function.go:20.3,23.11 3 0
github.com/daanv2/go-bloom-filters/pkg/bloomhashes/function.go:27.54,28.48 1 0
github.com/daanv2/go-bloom-filters/pkg/bloomhashes/function.go:28.48,33.22 5 0
github.com/daanv2/go-bloom-filters/pkg/bloomhashes/function.go:33.22,37.4 2 0
github.com/daanv2/go-bloom-filters/pkg/bloomhashes/function.go:39.3,39.11 1 0
github.com/daanv2/go-bloom-filters/pkg/bloomhashes/function.go:43.50,44.48 1 0
github.com/daanv2/go-bloom-filters/pkg/bloomhashes/function.go:44.48,51.3 5 0
github.com/daanv2/go-bloom-filters/pkg/bloomhashes/registery-fnv.go:9.48,14.21 5 0
github.com/daanv2/go-bloom-filters/pkg/bloomhashes/registery-fnv.go:14.21,18.3 2 0
github.com/daanv2/go-bloom-filters/pkg/bloomhashes/registery-fnv.go:20.2,20.10 1 0
github.com/daanv2/go-bloom-filters/pkg/bloomhashes/registery-fnv.go:25.49,30.21 5 0
github.com/daanv2/go-bloom-filters/pkg/bloomhashes/registery-fnv.go:30.21,34.3 2 0
github.com/daanv2/go-bloom-filters/pkg/bloomhashes/registery-fnv.go:36.2,36.10 1 0
github.com/daanv2/go-bloom-filters/pkg/bloomhashes/registery-fnv.go:41.49,48.2 5 0
github.com/daanv2/go-bloom-filters/pkg/bloomhashes/registery-fnv.go:52.50,59.2 5 0
github.com/daanv2/go-bloom-filters/pkg/bloomhashes/registery-sha.go:14.45,18.2 2 0
github.com/daanv2/go-bloom-filters/pkg/bloomhashes/registery-sha.go:22.47,26.2 2 0
github.com/daanv2/go-bloom-filters/pkg/bloomhashes/registery-sha.go:30.49,34.2 2 0
github.com/daanv2/go-bloom-filters/pkg/bloomhashes/registery-sha.go:38.47,42.2 2 0
github.com/daanv2/go-bloom-filters/pkg/bloomhashes/registery-sha.go:46.47,50.2 2 0
github.com/daanv2/go-bloom-filters/pkg/bloomhashes/registery.go:18.50,21.21 2 0
github.com/daanv2/go-bloom-filters/pkg/bloomhashes/registery.go:21.21,25.3 2 0
github.com/daanv2/go-bloom-filters/pkg/bloomhashes/registery.go:27.2,27.10 1 0
github.com/daanv2/go-bloom-filters/pkg/bloomhashes/registery.go:32.51,35.21 2 0
github.com/daanv2/go-bloom-filters/pkg/bloomhashes/registery.go:35.21,39.3 2 0
github.com/daanv2/go-bloom-filters/pkg/bloomhashes/registery.go:41.2,41.10 1 0
github.com/daanv2/go-bloom-filters/pkg/bloomhashes/registery.go:46.44,50.2 2 0
github.com/daanv2/go-bloom-filters/pkg/bloomhashes/util.go:7.34,8.16 1 1
github.com/daanv2/go-bloom-filters/pkg/bloomhashes/util.go:8.16,10.3 1 1
github.com/daanv2/go-bloom-filters/pkg/bloomhashes/util.go:12.2,16.15 4 1
github.com/daanv2/go-bloom-filters/pkg/bloomhashes/util.go:19.47,20.16 1 1
github.com/daanv2/go-bloom-filters/pkg/bloomhashes/util.go:20.16,22.3 1 0
github.com/daanv2/go-bloom-filters/pkg/bloomhashes/util.go:23.2,27.10 4 1
github.com/daanv2/go-bloom-filters/bits.go:19.32,25.2 2 1
github.com/daanv2/go-bloom-filters/bits.go:28.30,30.2 1 1
github.com/daanv2/go-bloom-filters/bits.go:33.37,36.33 2 1
github.com/daanv2/go-bloom-filters/bits.go:36.33,38.3 1 1
github.com/daanv2/go-bloom-filters/bits.go:39.2,39.26 1 1
github.com/daanv2/go-bloom-filters/bits.go:42.42,46.2 2 1
github.com/daanv2/go-bloom-filters/bits.go:49.51,51.19 2 1
github.com/daanv2/go-bloom-filters/bits.go:51.19,53.3 1 1
github.com/daanv2/go-bloom-filters/bits.go:53.8,56.3 1 0
github.com/daanv2/go-bloom-filters/bits.go:58.2,58.36 1 1
github.com/daanv2/go-bloom-filters/bits.go:58.36,61.3 2 1
github.com/daanv2/go-bloom-filters/bits.go:63.2,63.12 1 1
github.com/daanv2/go-bloom-filters/bits.go:67.57,69.30 2 1
github.com/daanv2/go-bloom-filters/bits.go:69.30,71.3 1 1
github.com/daanv2/go-bloom-filters/bits.go:73.2,73.18 1 1
github.com/daanv2/go-bloom-filters/bits.go:78.33,80.2 1 0
github.com/daanv2/go-bloom-filters/bits.go:82.41,84.2 1 1
github.com/daanv2/go-bloom-filters/bits.go:87.64,92.2 3 1
github.com/daanv2/go-bloom-filters/bloomfilter-options.go:9.47,10.31 1 0
github.com/daanv2/go-bloom-filters/bloomfilter-options.go:10.31,12.3 1 0
github.com/daanv2/go-bloom-filters/bloomfilter-options.go:16.85,17.31 1 0
github.com/daanv2/go-bloom-filters/bloomfilter-options.go:17.31,19.3 1 0
github.com/daanv2/go-bloom-filters/bloomfilter-options.go:23.91,24.31 1 0
github.com/daanv2/go-bloom-filters/bloomfilter-options.go:24.31,26.3 1 0
github.com/daanv2/go-bloom-filters/bloomfilter.go:18.71,20.27 2 0
github.com/daanv2/go-bloom-filters/bloomfilter.go:20.27,22.3 1 0
github.com/daanv2/go-bloom-filters/bloomfilter.go:23.2,23.24 1 0
github.com/daanv2/go-bloom-filters/bloomfilter.go:23.24,25.3 1 0
github.com/daanv2/go-bloom-filters/bloomfilter.go:26.2,26.24 1 0
github.com/daanv2/go-bloom-filters/bloomfilter.go:26.24,28.3 1 0
github.com/daanv2/go-bloom-filters/bloomfilter.go:29.2,29.36 1 0
github.com/daanv2/go-bloom-filters/bloomfilter.go:29.36,30.22 1 0
github.com/daanv2/go-bloom-filters/bloomfilter.go:30.22,32.4 1 0
github.com/daanv2/go-bloom-filters/bloomfilter.go:35.2,35.15 1 0
github.com/daanv2/go-bloom-filters/bloomfilter.go:39.41,42.37 2 0
github.com/daanv2/go-bloom-filters/bloomfilter.go:42.37,43.22 1 0
github.com/daanv2/go-bloom-filters/bloomfilter.go:43.22,44.12 1 0
github.com/daanv2/go-bloom-filters/bloomfilter.go:46.3,47.32 2 0
github.com/daanv2/go-bloom-filters/bloomfilter.go:47.32,49.4 1 0
github.com/daanv2/go-bloom-filters/bloomfilter.go:54.47,57.37 2 0
github.com/daanv2/go-bloom-filters/bloomfilter.go:57.37,58.22 1 0
github.com/daanv2/go-bloom-filters/bloomfilter.go:58.22,59.12 1 0
github.com/daanv2/go-bloom-filters/bloomfilter.go:61.3,62.32 2 0
github.com/daanv2/go-bloom-filters/bloomfilter.go:62.32,63.21 1 0
github.com/daanv2/go-bloom-filters/bloomfilter.go:63.21,65.5 1 0
github.com/daanv2/go-bloom-filters/bloomfilter.go:69.2,69.13 1 0
github.com/daanv2/go-bloom-filters/bloomfilter.go:73.41,75.2 1 0
github.com/daanv2/go-bloom-filters/bloomfilter.go:78.46,80.2 1 0
github.com/daanv2/go-bloom-filters/bloomfilter.go:82.50,84.2 1 0
